2025-08-24 06:01:21,475 - [INFO] - ChurnPipeline - Starting data ingestion task.
2025-08-24 06:01:21,475 - [INFO] - ChurnPipeline - Reading customer data from C:\Users\great\OneDrive\Documents\Work\BITS\DMML\customer-churn-pipeline\user_data\credit_info.csv
2025-08-24 06:01:21,532 - [INFO] - ChurnPipeline - Successfully ingested 10127 customer records from CSV.
2025-08-24 06:01:21,532 - [INFO] - ChurnPipeline - Connecting to MongoDB at mongodb://localhost:27017/...
2025-08-24 06:01:21,648 - [INFO] - ChurnPipeline - Successfully ingested 10127 service records from MongoDB.
2025-08-24 06:01:21,648 - [INFO] - ChurnPipeline - Data ingestion task completed.
2025-08-24 06:01:40,286 - [INFO] - ChurnPipeline - Starting data ingestion task.
2025-08-24 06:01:40,286 - [INFO] - ChurnPipeline - Reading customer data from C:\Users\great\OneDrive\Documents\Work\BITS\DMML\customer-churn-pipeline\user_data\credit_info.csv
2025-08-24 06:01:40,336 - [INFO] - ChurnPipeline - Successfully ingested 10127 customer records from CSV.
2025-08-24 06:01:40,336 - [INFO] - ChurnPipeline - Connecting to MongoDB at mongodb://localhost:27017/...
2025-08-24 06:01:40,390 - [INFO] - ChurnPipeline - Successfully ingested 10127 service records from MongoDB.
2025-08-24 06:01:40,391 - [INFO] - ChurnPipeline - Data ingestion task completed.
2025-08-24 06:03:55,491 - [INFO] - ChurnPipeline - Starting data validation task.
2025-08-24 06:03:55,561 - [ERROR] - ChurnPipeline - Validation FAIL: '_id' in MongoDB data is missing or has nulls.
2025-08-24 06:04:49,761 - [INFO] - ChurnPipeline - Starting data ingestion task.
2025-08-24 06:04:49,761 - [INFO] - ChurnPipeline - Reading customer data from C:\Users\great\OneDrive\Documents\Work\BITS\DMML\customer-churn-pipeline\user_data\credit_info.csv
2025-08-24 06:04:49,812 - [INFO] - ChurnPipeline - Successfully ingested 10127 customer records from CSV.
2025-08-24 06:04:49,812 - [INFO] - ChurnPipeline - Connecting to MongoDB at mongodb://localhost:27017/...
2025-08-24 06:04:49,886 - [INFO] - ChurnPipeline - Successfully ingested 10127 service records from MongoDB.
2025-08-24 06:04:49,887 - [INFO] - ChurnPipeline - Data ingestion task completed.
2025-08-24 06:05:05,894 - [INFO] - ChurnPipeline - Starting data validation task.
2025-08-24 06:05:05,950 - [INFO] - ChurnPipeline - Data validation task completed successfully.
2025-08-24 06:12:58,904 - [INFO] - ChurnPipeline - Starting data ingestion task.
2025-08-24 06:12:58,904 - [INFO] - ChurnPipeline - Reading customer data from C:\Users\great\OneDrive\Documents\Work\BITS\DMML\customer-churn-pipeline\user_data\credit_info.csv
2025-08-24 06:12:58,965 - [INFO] - ChurnPipeline - Successfully ingested 10127 customer records from CSV.
2025-08-24 06:12:58,965 - [INFO] - ChurnPipeline - Connecting to MongoDB at mongodb://localhost:27017/...
2025-08-24 06:12:59,038 - [INFO] - ChurnPipeline - Successfully ingested 10127 service records from MongoDB.
2025-08-24 06:12:59,039 - [INFO] - ChurnPipeline - Data ingestion task completed.
2025-08-24 06:13:01,398 - [INFO] - ChurnPipeline - Starting data validation task.
2025-08-24 06:13:01,461 - [INFO] - ChurnPipeline - Data validation task completed successfully.
2025-08-24 06:13:21,300 - [INFO] - ChurnPipeline - Starting data preparation task.
2025-08-24 06:13:21,367 - [INFO] - ChurnPipeline - Successfully merged datasets. Shape of merged data: (10127, 20)
2025-08-24 06:13:21,369 - [INFO] - ChurnPipeline - Standardized all column names to snake_case.
2025-08-24 06:13:21,371 - [WARNING] - ChurnPipeline - Target column 'attrition_flag' not found. Model training will fail.
2025-08-24 06:13:21,420 - [INFO] - ChurnPipeline - Cleaned and standardized data saved to C:\Users\great\OneDrive\Documents\Work\BITS\DMML\customer-churn-pipeline\data\02 Clean\clean_data_2025-08-24.csv
2025-08-24 06:13:21,421 - [INFO] - ChurnPipeline - Data preparation task completed.
2025-08-24 06:14:20,899 - [INFO] - ChurnPipeline - Starting data preparation task.
2025-08-24 06:14:49,245 - [INFO] - ChurnPipeline - Starting data preparation task.
2025-08-24 06:14:49,314 - [INFO] - ChurnPipeline - Successfully merged datasets. Shape of merged data: (10127, 20)
2025-08-24 06:14:49,316 - [INFO] - ChurnPipeline - Standardized all column names to snake_case.
2025-08-24 06:14:49,317 - [WARNING] - ChurnPipeline - Target column 'attrition_flag' not found. Model training will fail.
2025-08-24 06:14:49,373 - [INFO] - ChurnPipeline - Cleaned and standardized data saved to C:\Users\great\OneDrive\Documents\Work\BITS\DMML\customer-churn-pipeline\data\02 Clean\clean_data_2025-08-24.csv
2025-08-24 06:14:49,373 - [INFO] - ChurnPipeline - Data preparation task completed.
2025-08-24 06:15:31,084 - [INFO] - ChurnPipeline - Starting data preparation task.
2025-08-24 06:15:31,150 - [INFO] - ChurnPipeline - Successfully merged datasets. Shape of merged data: (10127, 20)
2025-08-24 06:15:31,152 - [INFO] - ChurnPipeline - Standardized all column names to snake_case.
2025-08-24 06:15:31,154 - [WARNING] - ChurnPipeline - Target column 'attrition_flag' not found. Model training will fail.
2025-08-24 06:15:31,206 - [INFO] - ChurnPipeline - Cleaned and standardized data saved to C:\Users\great\OneDrive\Documents\Work\BITS\DMML\customer-churn-pipeline\data\02 Clean\clean_data_2025-08-24.csv
2025-08-24 06:15:31,206 - [INFO] - ChurnPipeline - Data preparation task completed.
2025-08-24 06:19:56,656 - [INFO] - ChurnPipeline - Starting data preparation task.
2025-08-24 06:19:56,723 - [INFO] - ChurnPipeline - Successfully merged datasets. Shape of merged data: (10127, 20)
2025-08-24 06:19:56,728 - [INFO] - ChurnPipeline - Standardized all column names to snake_case.
2025-08-24 06:19:56,729 - [WARNING] - ChurnPipeline - Target column 'attrition_flag' not found. Model training will fail.
2025-08-24 06:19:56,783 - [INFO] - ChurnPipeline - Cleaned and standardized data saved to C:\Users\great\OneDrive\Documents\Work\BITS\DMML\customer-churn-pipeline\data\02 Clean\clean_data_2025-08-24.csv
2025-08-24 06:19:56,783 - [INFO] - ChurnPipeline - Data preparation task completed.
2025-08-24 06:25:54,400 - [INFO] - ChurnPipeline - Starting data ingestion task.
2025-08-24 06:25:54,400 - [INFO] - ChurnPipeline - Reading customer data from C:\Users\great\OneDrive\Documents\Work\BITS\DMML\customer-churn-pipeline\user_data\credit_info.csv
2025-08-24 06:25:54,452 - [INFO] - ChurnPipeline - Successfully ingested 10127 customer records from CSV.
2025-08-24 06:25:54,452 - [INFO] - ChurnPipeline - Connecting to MongoDB at mongodb://localhost:27017/...
2025-08-24 06:25:54,509 - [INFO] - ChurnPipeline - Successfully ingested 10127 service records from MongoDB.
2025-08-24 06:25:54,509 - [INFO] - ChurnPipeline - Data ingestion task completed.
2025-08-24 06:25:57,109 - [INFO] - ChurnPipeline - Starting data validation task.
2025-08-24 06:25:57,163 - [INFO] - ChurnPipeline - Data validation task completed successfully.
2025-08-24 06:25:59,538 - [INFO] - ChurnPipeline - Starting data preparation task.
2025-08-24 06:25:59,609 - [INFO] - ChurnPipeline - Successfully merged datasets. Shape of merged data: (10127, 21)
2025-08-24 06:25:59,612 - [INFO] - ChurnPipeline - Standardized all column names to snake_case.
2025-08-24 06:25:59,616 - [INFO] - ChurnPipeline - Processed target variable 'attrition_flag'.
2025-08-24 06:25:59,672 - [INFO] - ChurnPipeline - Cleaned and standardized data saved to C:\Users\great\OneDrive\Documents\Work\BITS\DMML\customer-churn-pipeline\data\02 Clean\clean_data_2025-08-24.csv
2025-08-24 06:25:59,672 - [INFO] - ChurnPipeline - Data preparation task completed.
2025-08-24 06:50:58,592 - [INFO] - ChurnPipeline - Starting data preparation task.
2025-08-24 06:50:58,642 - [INFO] - ChurnPipeline - Successfully merged datasets. Shape of merged data: (10127, 21)
2025-08-24 06:50:58,645 - [INFO] - ChurnPipeline - Standardized all column names to snake_case.
2025-08-24 06:50:58,649 - [INFO] - ChurnPipeline - Processed target variable 'attrition_flag'.
2025-08-24 06:50:58,698 - [INFO] - ChurnPipeline - Cleaned and standardized data saved to C:\Users\great\OneDrive\Documents\Work\BITS\DMML\customer-churn-pipeline\data\02 Clean\clean_data_2025-08-24.csv
2025-08-24 06:50:58,699 - [INFO] - ChurnPipeline - Data preparation task completed.
2025-08-24 06:55:20,969 - [INFO] - ChurnPipeline - Building features task started.
2025-08-24 06:55:21,017 - [INFO] - ChurnPipeline - Performed one-hot encoding on columns: ['education_level', 'gender', 'income_category', 'marital_status', 'card_category']
2025-08-24 06:55:21,024 - [INFO] - ChurnPipeline - Performed scaling on 15 numerical features.
2025-08-24 06:56:00,530 - [INFO] - ChurnPipeline - Building features task started.
2025-08-24 06:56:00,559 - [INFO] - ChurnPipeline - Performed one-hot encoding on columns: ['education_level', 'gender', 'income_category', 'marital_status', 'card_category']
2025-08-24 06:56:00,564 - [INFO] - ChurnPipeline - Performed scaling on 15 numerical features.
2025-08-24 06:56:00,850 - [INFO] - ChurnPipeline - Feature dataset built and saved to C:\Users\great\OneDrive\Documents\Work\BITS\DMML\customer-churn-pipeline\data\03 Features\features.parquet
2025-08-24 07:01:26,904 - [INFO] - ChurnPipeline - Starting model training task.
2025-08-24 07:01:31,206 - [INFO] - ChurnPipeline - Data split into training (8101 rows) and testing (2026 rows).
2025-08-24 07:01:32,108 - [INFO] - ChurnPipeline - Model evaluation metrics: {'accuracy': 0.9407699901283317, 'precision': 0.9288702928870293, 'recall': 0.683076923076923, 'f1_score': 0.7872340425531915}
2025-08-24 07:01:38,443 - [INFO] - ChurnPipeline - Model training complete and logged to MLflow.
2025-08-24 07:05:20,118 - [INFO] - ChurnPipeline - Starting data ingestion task.
2025-08-24 07:05:20,119 - [INFO] - ChurnPipeline - Reading customer data from C:\Users\great\OneDrive\Documents\Work\BITS\DMML\customer-churn-pipeline\user_data\credit_info.csv
2025-08-24 07:05:20,190 - [INFO] - ChurnPipeline - Successfully ingested 10127 customer records from CSV.
2025-08-24 07:05:20,190 - [INFO] - ChurnPipeline - Connecting to MongoDB at mongodb://localhost:27017/...
2025-08-24 07:05:20,298 - [INFO] - ChurnPipeline - Successfully ingested 10127 service records from MongoDB.
2025-08-24 07:05:20,298 - [INFO] - ChurnPipeline - Data ingestion task completed.
2025-08-24 07:05:20,302 - [INFO] - ChurnPipeline - Starting data validation task.
2025-08-24 07:05:20,363 - [INFO] - ChurnPipeline - Data validation task completed successfully.
2025-08-24 07:05:20,367 - [INFO] - ChurnPipeline - Starting data preparation task.
2025-08-24 07:05:20,420 - [INFO] - ChurnPipeline - Successfully merged datasets. Shape of merged data: (10127, 21)
2025-08-24 07:05:20,423 - [INFO] - ChurnPipeline - Standardized all column names to snake_case.
2025-08-24 07:05:20,427 - [INFO] - ChurnPipeline - Processed target variable 'attrition_flag'.
2025-08-24 07:05:20,483 - [INFO] - ChurnPipeline - Cleaned and standardized data saved to C:\Users\great\OneDrive\Documents\Work\BITS\DMML\customer-churn-pipeline\data\02 Clean\clean_data_2025-08-24.csv
2025-08-24 07:05:20,483 - [INFO] - ChurnPipeline - Data preparation task completed.
2025-08-24 07:05:21,108 - [INFO] - ChurnPipeline - Building features task started.
2025-08-24 07:05:21,144 - [INFO] - ChurnPipeline - Performed one-hot encoding on columns: ['education_level', 'gender', 'income_category', 'marital_status', 'card_category']
2025-08-24 07:05:21,150 - [INFO] - ChurnPipeline - Performed scaling on 15 numerical features.
2025-08-24 07:05:21,212 - [INFO] - ChurnPipeline - Feature dataset built and saved to C:\Users\great\OneDrive\Documents\Work\BITS\DMML\customer-churn-pipeline\data\03 Features\features.parquet
2025-08-24 07:05:21,954 - [INFO] - ChurnPipeline - Starting model training task.
2025-08-24 07:05:22,378 - [INFO] - ChurnPipeline - Data split into training (8101 rows) and testing (2026 rows).
2025-08-24 07:05:23,235 - [INFO] - ChurnPipeline - Model evaluation metrics: {'accuracy': 0.9407699901283317, 'precision': 0.9288702928870293, 'recall': 0.683076923076923, 'f1_score': 0.7872340425531915}
2025-08-24 07:05:27,220 - [INFO] - ChurnPipeline - Model training complete and logged to MLflow.
2025-08-24 07:05:27,223 - [INFO] - ChurnPipeline -  --- Starting End-to-End Churn Prediction Pipeline ---
2025-08-24 07:05:27,223 - [INFO] - ChurnPipeline - Starting data ingestion task.
2025-08-24 07:05:27,223 - [INFO] - ChurnPipeline - Reading customer data from C:\Users\great\OneDrive\Documents\Work\BITS\DMML\customer-churn-pipeline\user_data\credit_info.csv
2025-08-24 07:05:27,277 - [INFO] - ChurnPipeline - Successfully ingested 10127 customer records from CSV.
2025-08-24 07:05:27,278 - [INFO] - ChurnPipeline - Connecting to MongoDB at mongodb://localhost:27017/...
2025-08-24 07:05:27,347 - [INFO] - ChurnPipeline - Successfully ingested 10127 service records from MongoDB.
2025-08-24 07:05:27,348 - [INFO] - ChurnPipeline - Data ingestion task completed.
2025-08-24 07:05:27,350 - [INFO] - ChurnPipeline - Starting data validation task.
2025-08-24 07:05:27,407 - [INFO] - ChurnPipeline - Data validation task completed successfully.
2025-08-24 07:05:27,409 - [INFO] - ChurnPipeline - Starting data preparation task.
2025-08-24 07:05:27,451 - [INFO] - ChurnPipeline - Successfully merged datasets. Shape of merged data: (10127, 21)
2025-08-24 07:05:27,453 - [INFO] - ChurnPipeline - Standardized all column names to snake_case.
2025-08-24 07:05:27,456 - [INFO] - ChurnPipeline - Processed target variable 'attrition_flag'.
2025-08-24 07:05:27,513 - [INFO] - ChurnPipeline - Cleaned and standardized data saved to C:\Users\great\OneDrive\Documents\Work\BITS\DMML\customer-churn-pipeline\data\02 Clean\clean_data_2025-08-24.csv
2025-08-24 07:05:27,514 - [INFO] - ChurnPipeline - Data preparation task completed.
2025-08-24 07:05:27,515 - [INFO] - ChurnPipeline - Building features task started.
2025-08-24 07:05:27,546 - [INFO] - ChurnPipeline - Performed one-hot encoding on columns: ['education_level', 'gender', 'income_category', 'marital_status', 'card_category']
2025-08-24 07:05:27,552 - [INFO] - ChurnPipeline - Performed scaling on 15 numerical features.
2025-08-24 07:05:27,569 - [INFO] - ChurnPipeline - Feature dataset built and saved to C:\Users\great\OneDrive\Documents\Work\BITS\DMML\customer-churn-pipeline\data\03 Features\features.parquet
2025-08-24 07:05:27,569 - [INFO] - ChurnPipeline - Versioning data with DVC...
2025-08-24 07:05:27,571 - [ERROR] - ChurnPipeline - --- Pipeline Failed: [WinError 2] The system cannot find the file specified ---
Traceback (most recent call last):
  File "C:\Users\great\OneDrive\Documents\Work\BITS\DMML\customer-churn-pipeline\src\run_pipeline.py", line 23, in main
    subprocess.run(['dvc', 'add', 'data/03_features/features.parquet'], check=True)
    ~~~~~~~~~~~~~~^^^^^^^^^^^^^^^^^^^^^^^^^^^^^^^^^^^^^^^^^^^^^^^^^^^^^^^^^^^^^^^^^
  File "C:\Program Files\WindowsApps\PythonSoftwareFoundation.Python.3.13_3.13.2032.0_x64__qbz5n2kfra8p0\Lib\subprocess.py", line 554, in run
    with Popen(*popenargs, **kwargs) as process:
         ~~~~~^^^^^^^^^^^^^^^^^^^^^^
  File "C:\Program Files\WindowsApps\PythonSoftwareFoundation.Python.3.13_3.13.2032.0_x64__qbz5n2kfra8p0\Lib\subprocess.py", line 1039, in __init__
    self._execute_child(args, executable, preexec_fn, close_fds,
    ~~~~~~~~~~~~~~~~~~~^^^^^^^^^^^^^^^^^^^^^^^^^^^^^^^^^^^^^^^^^
                        pass_fds, cwd, env,
                        ^^^^^^^^^^^^^^^^^^^
    ...<5 lines>...
                        gid, gids, uid, umask,
                        ^^^^^^^^^^^^^^^^^^^^^^
                        start_new_session, process_group)
                        ^^^^^^^^^^^^^^^^^^^^^^^^^^^^^^^^^
  File "C:\Program Files\WindowsApps\PythonSoftwareFoundation.Python.3.13_3.13.2032.0_x64__qbz5n2kfra8p0\Lib\subprocess.py", line 1554, in _execute_child
    hp, ht, pid, tid = _winapi.CreateProcess(executable, args,
                       ~~~~~~~~~~~~~~~~~~~~~^^^^^^^^^^^^^^^^^^
                             # no special security
                             ^^^^^^^^^^^^^^^^^^^^^
    ...<4 lines>...
                             cwd,
                             ^^^^
                             startupinfo)
                             ^^^^^^^^^^^^
FileNotFoundError: [WinError 2] The system cannot find the file specified
2025-08-24 07:06:37,414 - [INFO] - ChurnPipeline - Starting data ingestion task.
2025-08-24 07:06:37,414 - [INFO] - ChurnPipeline - Reading customer data from C:\Users\great\OneDrive\Documents\Work\BITS\DMML\customer-churn-pipeline\user_data\credit_info.csv
2025-08-24 07:06:37,471 - [INFO] - ChurnPipeline - Successfully ingested 10127 customer records from CSV.
2025-08-24 07:06:37,472 - [INFO] - ChurnPipeline - Connecting to MongoDB at mongodb://localhost:27017/...
2025-08-24 07:06:37,553 - [INFO] - ChurnPipeline - Successfully ingested 10127 service records from MongoDB.
2025-08-24 07:06:37,553 - [INFO] - ChurnPipeline - Data ingestion task completed.
2025-08-24 07:06:37,565 - [INFO] - ChurnPipeline - Starting data validation task.
2025-08-24 07:06:37,615 - [INFO] - ChurnPipeline - Data validation task completed successfully.
2025-08-24 07:06:37,625 - [INFO] - ChurnPipeline - Starting data preparation task.
2025-08-24 07:06:37,671 - [INFO] - ChurnPipeline - Successfully merged datasets. Shape of merged data: (10127, 21)
2025-08-24 07:06:37,673 - [INFO] - ChurnPipeline - Standardized all column names to snake_case.
2025-08-24 07:06:37,676 - [INFO] - ChurnPipeline - Processed target variable 'attrition_flag'.
2025-08-24 07:06:37,733 - [INFO] - ChurnPipeline - Cleaned and standardized data saved to C:\Users\great\OneDrive\Documents\Work\BITS\DMML\customer-churn-pipeline\data\02 Clean\clean_data_2025-08-24.csv
2025-08-24 07:06:37,733 - [INFO] - ChurnPipeline - Data preparation task completed.
2025-08-24 07:06:38,372 - [INFO] - ChurnPipeline - Building features task started.
2025-08-24 07:06:38,406 - [INFO] - ChurnPipeline - Performed one-hot encoding on columns: ['education_level', 'gender', 'income_category', 'marital_status', 'card_category']
2025-08-24 07:06:38,411 - [INFO] - ChurnPipeline - Performed scaling on 15 numerical features.
2025-08-24 07:06:38,448 - [INFO] - ChurnPipeline - Feature dataset built and saved to C:\Users\great\OneDrive\Documents\Work\BITS\DMML\customer-churn-pipeline\data\03 Features\features.parquet
2025-08-24 07:06:39,179 - [INFO] - ChurnPipeline - Starting model training task.
2025-08-24 07:06:39,584 - [INFO] - ChurnPipeline - Data split into training (8101 rows) and testing (2026 rows).
2025-08-24 07:06:40,428 - [INFO] - ChurnPipeline - Model evaluation metrics: {'accuracy': 0.9407699901283317, 'precision': 0.9288702928870293, 'recall': 0.683076923076923, 'f1_score': 0.7872340425531915}
2025-08-24 07:06:44,279 - [INFO] - ChurnPipeline - Model training complete and logged to MLflow.
2025-08-24 07:06:44,282 - [INFO] - ChurnPipeline -  --- Starting End-to-End Churn Prediction Pipeline ---
2025-08-24 07:06:44,282 - [INFO] - ChurnPipeline - Starting data ingestion task.
2025-08-24 07:06:44,282 - [INFO] - ChurnPipeline - Reading customer data from C:\Users\great\OneDrive\Documents\Work\BITS\DMML\customer-churn-pipeline\user_data\credit_info.csv
2025-08-24 07:06:44,336 - [INFO] - ChurnPipeline - Successfully ingested 10127 customer records from CSV.
2025-08-24 07:06:44,336 - [INFO] - ChurnPipeline - Connecting to MongoDB at mongodb://localhost:27017/...
2025-08-24 07:06:44,388 - [INFO] - ChurnPipeline - Successfully ingested 10127 service records from MongoDB.
2025-08-24 07:06:44,388 - [INFO] - ChurnPipeline - Data ingestion task completed.
2025-08-24 07:06:44,390 - [INFO] - ChurnPipeline - Starting data validation task.
2025-08-24 07:06:44,447 - [INFO] - ChurnPipeline - Data validation task completed successfully.
2025-08-24 07:06:44,449 - [INFO] - ChurnPipeline - Starting data preparation task.
2025-08-24 07:06:44,491 - [INFO] - ChurnPipeline - Successfully merged datasets. Shape of merged data: (10127, 21)
2025-08-24 07:06:44,493 - [INFO] - ChurnPipeline - Standardized all column names to snake_case.
2025-08-24 07:06:44,497 - [INFO] - ChurnPipeline - Processed target variable 'attrition_flag'.
2025-08-24 07:06:44,554 - [INFO] - ChurnPipeline - Cleaned and standardized data saved to C:\Users\great\OneDrive\Documents\Work\BITS\DMML\customer-churn-pipeline\data\02 Clean\clean_data_2025-08-24.csv
2025-08-24 07:06:44,554 - [INFO] - ChurnPipeline - Data preparation task completed.
2025-08-24 07:06:44,556 - [INFO] - ChurnPipeline - Building features task started.
2025-08-24 07:06:44,587 - [INFO] - ChurnPipeline - Performed one-hot encoding on columns: ['education_level', 'gender', 'income_category', 'marital_status', 'card_category']
2025-08-24 07:06:44,592 - [INFO] - ChurnPipeline - Performed scaling on 15 numerical features.
2025-08-24 07:06:44,609 - [INFO] - ChurnPipeline - Feature dataset built and saved to C:\Users\great\OneDrive\Documents\Work\BITS\DMML\customer-churn-pipeline\data\03 Features\features.parquet
2025-08-24 07:06:44,609 - [INFO] - ChurnPipeline - Versioning data with DVC...
2025-08-24 07:06:44,611 - [ERROR] - ChurnPipeline - --- Pipeline Failed: [WinError 2] The system cannot find the file specified ---
Traceback (most recent call last):
  File "C:\Users\great\OneDrive\Documents\Work\BITS\DMML\customer-churn-pipeline\src\run_pipeline.py", line 23, in main
    subprocess.run(['dvc', 'add', 'data/03 Features/features.parquet'], check=True)
    ~~~~~~~~~~~~~~^^^^^^^^^^^^^^^^^^^^^^^^^^^^^^^^^^^^^^^^^^^^^^^^^^^^^^^^^^^^^^^^^
  File "C:\Program Files\WindowsApps\PythonSoftwareFoundation.Python.3.13_3.13.2032.0_x64__qbz5n2kfra8p0\Lib\subprocess.py", line 554, in run
    with Popen(*popenargs, **kwargs) as process:
         ~~~~~^^^^^^^^^^^^^^^^^^^^^^
  File "C:\Program Files\WindowsApps\PythonSoftwareFoundation.Python.3.13_3.13.2032.0_x64__qbz5n2kfra8p0\Lib\subprocess.py", line 1039, in __init__
    self._execute_child(args, executable, preexec_fn, close_fds,
    ~~~~~~~~~~~~~~~~~~~^^^^^^^^^^^^^^^^^^^^^^^^^^^^^^^^^^^^^^^^^
                        pass_fds, cwd, env,
                        ^^^^^^^^^^^^^^^^^^^
    ...<5 lines>...
                        gid, gids, uid, umask,
                        ^^^^^^^^^^^^^^^^^^^^^^
                        start_new_session, process_group)
                        ^^^^^^^^^^^^^^^^^^^^^^^^^^^^^^^^^
  File "C:\Program Files\WindowsApps\PythonSoftwareFoundation.Python.3.13_3.13.2032.0_x64__qbz5n2kfra8p0\Lib\subprocess.py", line 1554, in _execute_child
    hp, ht, pid, tid = _winapi.CreateProcess(executable, args,
                       ~~~~~~~~~~~~~~~~~~~~~^^^^^^^^^^^^^^^^^^
                             # no special security
                             ^^^^^^^^^^^^^^^^^^^^^
    ...<4 lines>...
                             cwd,
                             ^^^^
                             startupinfo)
                             ^^^^^^^^^^^^
FileNotFoundError: [WinError 2] The system cannot find the file specified
2025-08-24 07:09:36,038 - [INFO] - ChurnPipeline - Starting data ingestion task.
2025-08-24 07:09:36,038 - [INFO] - ChurnPipeline - Reading customer data from C:\Users\great\OneDrive\Documents\Work\BITS\DMML\customer-churn-pipeline\user_data\credit_info.csv
2025-08-24 07:09:36,094 - [INFO] - ChurnPipeline - Successfully ingested 10127 customer records from CSV.
2025-08-24 07:09:36,095 - [INFO] - ChurnPipeline - Connecting to MongoDB at mongodb://localhost:27017/...
2025-08-24 07:09:36,153 - [INFO] - ChurnPipeline - Successfully ingested 10127 service records from MongoDB.
2025-08-24 07:09:36,154 - [INFO] - ChurnPipeline - Data ingestion task completed.
2025-08-24 07:09:36,158 - [INFO] - ChurnPipeline - Starting data validation task.
2025-08-24 07:09:36,222 - [INFO] - ChurnPipeline - Data validation task completed successfully.
2025-08-24 07:09:36,225 - [INFO] - ChurnPipeline - Starting data preparation task.
2025-08-24 07:09:36,272 - [INFO] - ChurnPipeline - Successfully merged datasets. Shape of merged data: (10127, 21)
2025-08-24 07:09:36,274 - [INFO] - ChurnPipeline - Standardized all column names to snake_case.
2025-08-24 07:09:36,278 - [INFO] - ChurnPipeline - Processed target variable 'attrition_flag'.
2025-08-24 07:09:36,334 - [INFO] - ChurnPipeline - Cleaned and standardized data saved to C:\Users\great\OneDrive\Documents\Work\BITS\DMML\customer-churn-pipeline\data\02 Clean\clean_data_2025-08-24.csv
2025-08-24 07:09:36,335 - [INFO] - ChurnPipeline - Data preparation task completed.
2025-08-24 07:09:36,970 - [INFO] - ChurnPipeline - Building features task started.
2025-08-24 07:09:37,007 - [INFO] - ChurnPipeline - Performed one-hot encoding on columns: ['education_level', 'gender', 'income_category', 'marital_status', 'card_category']
2025-08-24 07:09:37,013 - [INFO] - ChurnPipeline - Performed scaling on 15 numerical features.
2025-08-24 07:09:37,049 - [INFO] - ChurnPipeline - Feature dataset built and saved to C:\Users\great\OneDrive\Documents\Work\BITS\DMML\customer-churn-pipeline\data\03 Features\features.parquet
2025-08-24 07:09:37,969 - [INFO] - ChurnPipeline - Starting model training task.
2025-08-24 07:09:38,429 - [INFO] - ChurnPipeline - Data split into training (8101 rows) and testing (2026 rows).
2025-08-24 07:09:39,354 - [INFO] - ChurnPipeline - Model evaluation metrics: {'accuracy': 0.9407699901283317, 'precision': 0.9288702928870293, 'recall': 0.683076923076923, 'f1_score': 0.7872340425531915}
2025-08-24 07:09:44,267 - [INFO] - ChurnPipeline - Model training complete and logged to MLflow.
2025-08-24 07:09:44,270 - [INFO] - ChurnPipeline -  --- Starting End-to-End Churn Prediction Pipeline ---
2025-08-24 07:09:44,270 - [INFO] - ChurnPipeline - Starting data ingestion task.
2025-08-24 07:09:44,270 - [INFO] - ChurnPipeline - Reading customer data from C:\Users\great\OneDrive\Documents\Work\BITS\DMML\customer-churn-pipeline\user_data\credit_info.csv
2025-08-24 07:09:44,325 - [INFO] - ChurnPipeline - Successfully ingested 10127 customer records from CSV.
2025-08-24 07:09:44,325 - [INFO] - ChurnPipeline - Connecting to MongoDB at mongodb://localhost:27017/...
2025-08-24 07:09:44,409 - [INFO] - ChurnPipeline - Successfully ingested 10127 service records from MongoDB.
2025-08-24 07:09:44,410 - [INFO] - ChurnPipeline - Data ingestion task completed.
2025-08-24 07:09:44,412 - [INFO] - ChurnPipeline - Starting data validation task.
2025-08-24 07:09:44,469 - [INFO] - ChurnPipeline - Data validation task completed successfully.
2025-08-24 07:09:44,471 - [INFO] - ChurnPipeline - Starting data preparation task.
2025-08-24 07:09:44,512 - [INFO] - ChurnPipeline - Successfully merged datasets. Shape of merged data: (10127, 21)
2025-08-24 07:09:44,514 - [INFO] - ChurnPipeline - Standardized all column names to snake_case.
2025-08-24 07:09:44,517 - [INFO] - ChurnPipeline - Processed target variable 'attrition_flag'.
2025-08-24 07:09:44,574 - [INFO] - ChurnPipeline - Cleaned and standardized data saved to C:\Users\great\OneDrive\Documents\Work\BITS\DMML\customer-churn-pipeline\data\02 Clean\clean_data_2025-08-24.csv
2025-08-24 07:09:44,574 - [INFO] - ChurnPipeline - Data preparation task completed.
2025-08-24 07:09:44,576 - [INFO] - ChurnPipeline - Building features task started.
2025-08-24 07:09:44,606 - [INFO] - ChurnPipeline - Performed one-hot encoding on columns: ['education_level', 'gender', 'income_category', 'marital_status', 'card_category']
2025-08-24 07:09:44,611 - [INFO] - ChurnPipeline - Performed scaling on 15 numerical features.
2025-08-24 07:09:44,627 - [INFO] - ChurnPipeline - Feature dataset built and saved to C:\Users\great\OneDrive\Documents\Work\BITS\DMML\customer-churn-pipeline\data\03 Features\features.parquet
2025-08-24 07:09:44,628 - [INFO] - ChurnPipeline - Versioning data with DVC...
2025-08-24 07:09:44,630 - [ERROR] - ChurnPipeline - --- Pipeline Failed: [WinError 2] The system cannot find the file specified ---
Traceback (most recent call last):
  File "C:\Users\great\OneDrive\Documents\Work\BITS\DMML\customer-churn-pipeline\src\run_pipeline.py", line 23, in main
    subprocess.run(['dvc', 'add', 'data/03 Features/features.parquet'], check=True)
    ~~~~~~~~~~~~~~^^^^^^^^^^^^^^^^^^^^^^^^^^^^^^^^^^^^^^^^^^^^^^^^^^^^^^^^^^^^^^^^^
  File "C:\Program Files\WindowsApps\PythonSoftwareFoundation.Python.3.13_3.13.2032.0_x64__qbz5n2kfra8p0\Lib\subprocess.py", line 554, in run
    with Popen(*popenargs, **kwargs) as process:
         ~~~~~^^^^^^^^^^^^^^^^^^^^^^
  File "C:\Program Files\WindowsApps\PythonSoftwareFoundation.Python.3.13_3.13.2032.0_x64__qbz5n2kfra8p0\Lib\subprocess.py", line 1039, in __init__
    self._execute_child(args, executable, preexec_fn, close_fds,
    ~~~~~~~~~~~~~~~~~~~^^^^^^^^^^^^^^^^^^^^^^^^^^^^^^^^^^^^^^^^^
                        pass_fds, cwd, env,
                        ^^^^^^^^^^^^^^^^^^^
    ...<5 lines>...
                        gid, gids, uid, umask,
                        ^^^^^^^^^^^^^^^^^^^^^^
                        start_new_session, process_group)
                        ^^^^^^^^^^^^^^^^^^^^^^^^^^^^^^^^^
  File "C:\Program Files\WindowsApps\PythonSoftwareFoundation.Python.3.13_3.13.2032.0_x64__qbz5n2kfra8p0\Lib\subprocess.py", line 1554, in _execute_child
    hp, ht, pid, tid = _winapi.CreateProcess(executable, args,
                       ~~~~~~~~~~~~~~~~~~~~~^^^^^^^^^^^^^^^^^^
                             # no special security
                             ^^^^^^^^^^^^^^^^^^^^^
    ...<4 lines>...
                             cwd,
                             ^^^^
                             startupinfo)
                             ^^^^^^^^^^^^
FileNotFoundError: [WinError 2] The system cannot find the file specified
2025-08-24 07:12:24,508 - [INFO] - ChurnPipeline - Starting data ingestion task.
2025-08-24 07:12:24,508 - [INFO] - ChurnPipeline - Reading customer data from C:\Users\great\OneDrive\Documents\Work\BITS\DMML\customer-churn-pipeline\user_data\credit_info.csv
2025-08-24 07:12:24,568 - [INFO] - ChurnPipeline - Successfully ingested 10127 customer records from CSV.
2025-08-24 07:12:24,569 - [INFO] - ChurnPipeline - Connecting to MongoDB at mongodb://localhost:27017/...
2025-08-24 07:12:24,632 - [INFO] - ChurnPipeline - Successfully ingested 10127 service records from MongoDB.
2025-08-24 07:12:24,632 - [INFO] - ChurnPipeline - Data ingestion task completed.
2025-08-24 07:12:24,635 - [INFO] - ChurnPipeline - Starting data validation task.
2025-08-24 07:12:24,689 - [INFO] - ChurnPipeline - Data validation task completed successfully.
2025-08-24 07:12:24,691 - [INFO] - ChurnPipeline - Starting data preparation task.
2025-08-24 07:12:24,739 - [INFO] - ChurnPipeline - Successfully merged datasets. Shape of merged data: (10127, 21)
2025-08-24 07:12:24,741 - [INFO] - ChurnPipeline - Standardized all column names to snake_case.
2025-08-24 07:12:24,745 - [INFO] - ChurnPipeline - Processed target variable 'attrition_flag'.
2025-08-24 07:12:24,804 - [INFO] - ChurnPipeline - Cleaned and standardized data saved to C:\Users\great\OneDrive\Documents\Work\BITS\DMML\customer-churn-pipeline\data\02 Clean\clean_data_2025-08-24.csv
2025-08-24 07:12:24,804 - [INFO] - ChurnPipeline - Data preparation task completed.
2025-08-24 07:12:25,415 - [INFO] - ChurnPipeline - Building features task started.
2025-08-24 07:12:25,448 - [INFO] - ChurnPipeline - Performed one-hot encoding on columns: ['education_level', 'gender', 'income_category', 'marital_status', 'card_category']
2025-08-24 07:12:25,453 - [INFO] - ChurnPipeline - Performed scaling on 15 numerical features.
2025-08-24 07:12:25,488 - [INFO] - ChurnPipeline - Feature dataset built and saved to C:\Users\great\OneDrive\Documents\Work\BITS\DMML\customer-churn-pipeline\data\03 Features\features.parquet
2025-08-24 07:12:26,244 - [INFO] - ChurnPipeline - Starting model training task.
2025-08-24 07:12:26,637 - [INFO] - ChurnPipeline - Data split into training (8101 rows) and testing (2026 rows).
2025-08-24 07:12:27,482 - [INFO] - ChurnPipeline - Model evaluation metrics: {'accuracy': 0.9407699901283317, 'precision': 0.9288702928870293, 'recall': 0.683076923076923, 'f1_score': 0.7872340425531915}
2025-08-24 07:12:31,415 - [INFO] - ChurnPipeline - Model training complete and logged to MLflow.
2025-08-24 07:12:31,418 - [INFO] - ChurnPipeline -  --- Starting End-to-End Churn Prediction Pipeline ---
2025-08-24 07:12:31,419 - [INFO] - ChurnPipeline - Starting data ingestion task.
2025-08-24 07:12:31,419 - [INFO] - ChurnPipeline - Reading customer data from C:\Users\great\OneDrive\Documents\Work\BITS\DMML\customer-churn-pipeline\user_data\credit_info.csv
2025-08-24 07:12:31,481 - [INFO] - ChurnPipeline - Successfully ingested 10127 customer records from CSV.
2025-08-24 07:12:31,482 - [INFO] - ChurnPipeline - Connecting to MongoDB at mongodb://localhost:27017/...
2025-08-24 07:12:31,540 - [INFO] - ChurnPipeline - Successfully ingested 10127 service records from MongoDB.
2025-08-24 07:12:31,540 - [INFO] - ChurnPipeline - Data ingestion task completed.
2025-08-24 07:12:31,543 - [INFO] - ChurnPipeline - Starting data validation task.
2025-08-24 07:12:31,606 - [INFO] - ChurnPipeline - Data validation task completed successfully.
2025-08-24 07:12:31,608 - [INFO] - ChurnPipeline - Starting data preparation task.
2025-08-24 07:12:31,652 - [INFO] - ChurnPipeline - Successfully merged datasets. Shape of merged data: (10127, 21)
2025-08-24 07:12:31,655 - [INFO] - ChurnPipeline - Standardized all column names to snake_case.
2025-08-24 07:12:31,659 - [INFO] - ChurnPipeline - Processed target variable 'attrition_flag'.
2025-08-24 07:12:31,721 - [INFO] - ChurnPipeline - Cleaned and standardized data saved to C:\Users\great\OneDrive\Documents\Work\BITS\DMML\customer-churn-pipeline\data\02 Clean\clean_data_2025-08-24.csv
2025-08-24 07:12:31,721 - [INFO] - ChurnPipeline - Data preparation task completed.
2025-08-24 07:12:31,723 - [INFO] - ChurnPipeline - Building features task started.
2025-08-24 07:12:31,754 - [INFO] - ChurnPipeline - Performed one-hot encoding on columns: ['education_level', 'gender', 'income_category', 'marital_status', 'card_category']
2025-08-24 07:12:31,760 - [INFO] - ChurnPipeline - Performed scaling on 15 numerical features.
2025-08-24 07:12:31,778 - [INFO] - ChurnPipeline - Feature dataset built and saved to C:\Users\great\OneDrive\Documents\Work\BITS\DMML\customer-churn-pipeline\data\03 Features\features.parquet
2025-08-24 07:12:31,778 - [INFO] - ChurnPipeline - Versioning data with DVC...
2025-08-24 07:12:31,780 - [ERROR] - ChurnPipeline - --- Pipeline Failed: [WinError 2] The system cannot find the file specified ---
Traceback (most recent call last):
  File "C:\Users\great\OneDrive\Documents\Work\BITS\DMML\customer-churn-pipeline\src\run_pipeline.py", line 23, in main
    subprocess.run(['dvc', 'add', 'data/03 Features/features.parquet'], check=True)
    ~~~~~~~~~~~~~~^^^^^^^^^^^^^^^^^^^^^^^^^^^^^^^^^^^^^^^^^^^^^^^^^^^^^^^^^^^^^^^^^
  File "C:\Program Files\WindowsApps\PythonSoftwareFoundation.Python.3.13_3.13.2032.0_x64__qbz5n2kfra8p0\Lib\subprocess.py", line 554, in run
    with Popen(*popenargs, **kwargs) as process:
         ~~~~~^^^^^^^^^^^^^^^^^^^^^^
  File "C:\Program Files\WindowsApps\PythonSoftwareFoundation.Python.3.13_3.13.2032.0_x64__qbz5n2kfra8p0\Lib\subprocess.py", line 1039, in __init__
    self._execute_child(args, executable, preexec_fn, close_fds,
    ~~~~~~~~~~~~~~~~~~~^^^^^^^^^^^^^^^^^^^^^^^^^^^^^^^^^^^^^^^^^
                        pass_fds, cwd, env,
                        ^^^^^^^^^^^^^^^^^^^
    ...<5 lines>...
                        gid, gids, uid, umask,
                        ^^^^^^^^^^^^^^^^^^^^^^
                        start_new_session, process_group)
                        ^^^^^^^^^^^^^^^^^^^^^^^^^^^^^^^^^
  File "C:\Program Files\WindowsApps\PythonSoftwareFoundation.Python.3.13_3.13.2032.0_x64__qbz5n2kfra8p0\Lib\subprocess.py", line 1554, in _execute_child
    hp, ht, pid, tid = _winapi.CreateProcess(executable, args,
                       ~~~~~~~~~~~~~~~~~~~~~^^^^^^^^^^^^^^^^^^
                             # no special security
                             ^^^^^^^^^^^^^^^^^^^^^
    ...<4 lines>...
                             cwd,
                             ^^^^
                             startupinfo)
                             ^^^^^^^^^^^^
FileNotFoundError: [WinError 2] The system cannot find the file specified
2025-08-24 07:26:28,747 - [INFO] - ChurnPipeline - Starting data ingestion task.
2025-08-24 07:26:28,747 - [INFO] - ChurnPipeline - Reading customer data from C:\Users\great\OneDrive\Documents\Work\BITS\DMML\customer-churn-pipeline\user_data\credit_info.csv
2025-08-24 07:26:28,818 - [INFO] - ChurnPipeline - Successfully ingested 10127 customer records from CSV.
2025-08-24 07:26:28,819 - [INFO] - ChurnPipeline - Connecting to MongoDB at mongodb://localhost:27017/...
2025-08-24 07:26:28,892 - [INFO] - ChurnPipeline - Successfully ingested 10127 service records from MongoDB.
2025-08-24 07:26:28,893 - [INFO] - ChurnPipeline - Data ingestion task completed.
2025-08-24 07:26:28,897 - [INFO] - ChurnPipeline - Starting data validation task.
2025-08-24 07:26:28,956 - [INFO] - ChurnPipeline - Data validation task completed successfully.
2025-08-24 07:26:28,959 - [INFO] - ChurnPipeline - Starting data preparation task.
2025-08-24 07:26:29,014 - [INFO] - ChurnPipeline - Successfully merged datasets. Shape of merged data: (10127, 21)
2025-08-24 07:26:29,017 - [INFO] - ChurnPipeline - Standardized all column names to snake_case.
2025-08-24 07:26:29,021 - [INFO] - ChurnPipeline - Processed target variable 'attrition_flag'.
2025-08-24 07:26:29,079 - [INFO] - ChurnPipeline - Cleaned and standardized data saved to C:\Users\great\OneDrive\Documents\Work\BITS\DMML\customer-churn-pipeline\data\02 Clean\clean_data_2025-08-24.csv
2025-08-24 07:26:29,079 - [INFO] - ChurnPipeline - Data preparation task completed.
2025-08-24 07:26:30,251 - [INFO] - ChurnPipeline - Building features task started.
2025-08-24 07:26:30,285 - [INFO] - ChurnPipeline - Performed one-hot encoding on columns: ['education_level', 'gender', 'income_category', 'marital_status', 'card_category']
2025-08-24 07:26:30,290 - [INFO] - ChurnPipeline - Performed scaling on 15 numerical features.
2025-08-24 07:26:30,370 - [INFO] - ChurnPipeline - Feature dataset built and saved to C:\Users\great\OneDrive\Documents\Work\BITS\DMML\customer-churn-pipeline\data\03 Features\features.parquet
2025-08-24 07:26:31,422 - [INFO] - ChurnPipeline - Starting model training task.
2025-08-24 07:26:32,060 - [INFO] - ChurnPipeline - Data split into training (8101 rows) and testing (2026 rows).
2025-08-24 07:26:32,923 - [INFO] - ChurnPipeline - Model evaluation metrics: {'accuracy': 0.9407699901283317, 'precision': 0.9288702928870293, 'recall': 0.683076923076923, 'f1_score': 0.7872340425531915}
2025-08-24 07:26:37,086 - [INFO] - ChurnPipeline - Model training complete and logged to MLflow.
2025-08-24 07:26:37,089 - [INFO] - ChurnPipeline -  --- Starting End-to-End Churn Prediction Pipeline ---
2025-08-24 07:26:37,090 - [INFO] - ChurnPipeline - Starting data ingestion task.
2025-08-24 07:26:37,090 - [INFO] - ChurnPipeline - Reading customer data from C:\Users\great\OneDrive\Documents\Work\BITS\DMML\customer-churn-pipeline\user_data\credit_info.csv
2025-08-24 07:26:37,154 - [INFO] - ChurnPipeline - Successfully ingested 10127 customer records from CSV.
2025-08-24 07:26:37,154 - [INFO] - ChurnPipeline - Connecting to MongoDB at mongodb://localhost:27017/...
2025-08-24 07:26:37,244 - [INFO] - ChurnPipeline - Successfully ingested 10127 service records from MongoDB.
2025-08-24 07:26:37,245 - [INFO] - ChurnPipeline - Data ingestion task completed.
2025-08-24 07:26:37,247 - [INFO] - ChurnPipeline - Starting data validation task.
2025-08-24 07:26:37,310 - [INFO] - ChurnPipeline - Data validation task completed successfully.
2025-08-24 07:26:37,312 - [INFO] - ChurnPipeline - Starting data preparation task.
2025-08-24 07:26:37,360 - [INFO] - ChurnPipeline - Successfully merged datasets. Shape of merged data: (10127, 21)
2025-08-24 07:26:37,362 - [INFO] - ChurnPipeline - Standardized all column names to snake_case.
2025-08-24 07:26:37,368 - [INFO] - ChurnPipeline - Processed target variable 'attrition_flag'.
2025-08-24 07:26:37,435 - [INFO] - ChurnPipeline - Cleaned and standardized data saved to C:\Users\great\OneDrive\Documents\Work\BITS\DMML\customer-churn-pipeline\data\02 Clean\clean_data_2025-08-24.csv
2025-08-24 07:26:37,436 - [INFO] - ChurnPipeline - Data preparation task completed.
2025-08-24 07:26:37,439 - [INFO] - ChurnPipeline - Building features task started.
2025-08-24 07:26:37,473 - [INFO] - ChurnPipeline - Performed one-hot encoding on columns: ['education_level', 'gender', 'income_category', 'marital_status', 'card_category']
2025-08-24 07:26:37,479 - [INFO] - ChurnPipeline - Performed scaling on 15 numerical features.
2025-08-24 07:26:37,498 - [INFO] - ChurnPipeline - Feature dataset built and saved to C:\Users\great\OneDrive\Documents\Work\BITS\DMML\customer-churn-pipeline\data\03 Features\features.parquet
2025-08-24 07:26:37,498 - [INFO] - ChurnPipeline - Versioning data with DVC...
2025-08-24 07:26:37,500 - [ERROR] - ChurnPipeline - --- Pipeline Failed: [WinError 2] The system cannot find the file specified ---
Traceback (most recent call last):
  File "C:\Users\great\OneDrive\Documents\Work\BITS\DMML\customer-churn-pipeline\src\run_pipeline.py", line 23, in main
    subprocess.run(['dvc', 'add', 'data/03 Features/features.parquet'], check=True)
    ~~~~~~~~~~~~~~^^^^^^^^^^^^^^^^^^^^^^^^^^^^^^^^^^^^^^^^^^^^^^^^^^^^^^^^^^^^^^^^^
  File "C:\Program Files\WindowsApps\PythonSoftwareFoundation.Python.3.13_3.13.2032.0_x64__qbz5n2kfra8p0\Lib\subprocess.py", line 554, in run
    with Popen(*popenargs, **kwargs) as process:
         ~~~~~^^^^^^^^^^^^^^^^^^^^^^
  File "C:\Program Files\WindowsApps\PythonSoftwareFoundation.Python.3.13_3.13.2032.0_x64__qbz5n2kfra8p0\Lib\subprocess.py", line 1039, in __init__
    self._execute_child(args, executable, preexec_fn, close_fds,
    ~~~~~~~~~~~~~~~~~~~^^^^^^^^^^^^^^^^^^^^^^^^^^^^^^^^^^^^^^^^^
                        pass_fds, cwd, env,
                        ^^^^^^^^^^^^^^^^^^^
    ...<5 lines>...
                        gid, gids, uid, umask,
                        ^^^^^^^^^^^^^^^^^^^^^^
                        start_new_session, process_group)
                        ^^^^^^^^^^^^^^^^^^^^^^^^^^^^^^^^^
  File "C:\Program Files\WindowsApps\PythonSoftwareFoundation.Python.3.13_3.13.2032.0_x64__qbz5n2kfra8p0\Lib\subprocess.py", line 1554, in _execute_child
    hp, ht, pid, tid = _winapi.CreateProcess(executable, args,
                       ~~~~~~~~~~~~~~~~~~~~~^^^^^^^^^^^^^^^^^^
                             # no special security
                             ^^^^^^^^^^^^^^^^^^^^^
    ...<4 lines>...
                             cwd,
                             ^^^^
                             startupinfo)
                             ^^^^^^^^^^^^
FileNotFoundError: [WinError 2] The system cannot find the file specified
2025-08-24 07:27:24,743 - [INFO] - ChurnPipeline - Starting data ingestion task.
2025-08-24 07:27:24,743 - [INFO] - ChurnPipeline - Reading customer data from C:\Users\great\OneDrive\Documents\Work\BITS\DMML\customer-churn-pipeline\user_data\credit_info.csv
2025-08-24 07:27:24,805 - [INFO] - ChurnPipeline - Successfully ingested 10127 customer records from CSV.
2025-08-24 07:27:24,806 - [INFO] - ChurnPipeline - Connecting to MongoDB at mongodb://localhost:27017/...
2025-08-24 07:27:24,881 - [INFO] - ChurnPipeline - Successfully ingested 10127 service records from MongoDB.
2025-08-24 07:27:24,881 - [INFO] - ChurnPipeline - Data ingestion task completed.
2025-08-24 07:27:24,884 - [INFO] - ChurnPipeline - Starting data validation task.
2025-08-24 07:27:24,935 - [INFO] - ChurnPipeline - Data validation task completed successfully.
2025-08-24 07:27:24,937 - [INFO] - ChurnPipeline - Starting data preparation task.
2025-08-24 07:27:24,985 - [INFO] - ChurnPipeline - Successfully merged datasets. Shape of merged data: (10127, 21)
2025-08-24 07:27:24,988 - [INFO] - ChurnPipeline - Standardized all column names to snake_case.
2025-08-24 07:27:24,991 - [INFO] - ChurnPipeline - Processed target variable 'attrition_flag'.
2025-08-24 07:27:25,050 - [INFO] - ChurnPipeline - Cleaned and standardized data saved to C:\Users\great\OneDrive\Documents\Work\BITS\DMML\customer-churn-pipeline\data\02 Clean\clean_data_2025-08-24.csv
2025-08-24 07:27:25,050 - [INFO] - ChurnPipeline - Data preparation task completed.
2025-08-24 07:27:25,662 - [INFO] - ChurnPipeline - Building features task started.
2025-08-24 07:27:25,696 - [INFO] - ChurnPipeline - Performed one-hot encoding on columns: ['education_level', 'gender', 'income_category', 'marital_status', 'card_category']
2025-08-24 07:27:25,702 - [INFO] - ChurnPipeline - Performed scaling on 15 numerical features.
2025-08-24 07:27:25,737 - [INFO] - ChurnPipeline - Feature dataset built and saved to C:\Users\great\OneDrive\Documents\Work\BITS\DMML\customer-churn-pipeline\data\03 Features\features.parquet
2025-08-24 07:27:26,499 - [INFO] - ChurnPipeline - Starting model training task.
2025-08-24 07:27:26,908 - [INFO] - ChurnPipeline - Data split into training (8101 rows) and testing (2026 rows).
2025-08-24 07:27:27,827 - [INFO] - ChurnPipeline - Model evaluation metrics: {'accuracy': 0.9407699901283317, 'precision': 0.9288702928870293, 'recall': 0.683076923076923, 'f1_score': 0.7872340425531915}
2025-08-24 07:27:31,735 - [INFO] - ChurnPipeline - Model training complete and logged to MLflow.
2025-08-24 07:27:31,738 - [INFO] - ChurnPipeline -  --- Starting End-to-End Churn Prediction Pipeline ---
2025-08-24 07:27:31,739 - [INFO] - ChurnPipeline - Starting data ingestion task.
2025-08-24 07:27:31,739 - [INFO] - ChurnPipeline - Reading customer data from C:\Users\great\OneDrive\Documents\Work\BITS\DMML\customer-churn-pipeline\user_data\credit_info.csv
2025-08-24 07:27:31,792 - [INFO] - ChurnPipeline - Successfully ingested 10127 customer records from CSV.
2025-08-24 07:27:31,792 - [INFO] - ChurnPipeline - Connecting to MongoDB at mongodb://localhost:27017/...
2025-08-24 07:27:31,844 - [INFO] - ChurnPipeline - Successfully ingested 10127 service records from MongoDB.
2025-08-24 07:27:31,844 - [INFO] - ChurnPipeline - Data ingestion task completed.
2025-08-24 07:27:31,846 - [INFO] - ChurnPipeline - Starting data validation task.
2025-08-24 07:27:31,900 - [INFO] - ChurnPipeline - Data validation task completed successfully.
2025-08-24 07:27:31,902 - [INFO] - ChurnPipeline - Starting data preparation task.
2025-08-24 07:27:31,944 - [INFO] - ChurnPipeline - Successfully merged datasets. Shape of merged data: (10127, 21)
2025-08-24 07:27:31,946 - [INFO] - ChurnPipeline - Standardized all column names to snake_case.
2025-08-24 07:27:31,949 - [INFO] - ChurnPipeline - Processed target variable 'attrition_flag'.
2025-08-24 07:27:32,007 - [INFO] - ChurnPipeline - Cleaned and standardized data saved to C:\Users\great\OneDrive\Documents\Work\BITS\DMML\customer-churn-pipeline\data\02 Clean\clean_data_2025-08-24.csv
2025-08-24 07:27:32,007 - [INFO] - ChurnPipeline - Data preparation task completed.
2025-08-24 07:27:32,009 - [INFO] - ChurnPipeline - Building features task started.
2025-08-24 07:27:32,039 - [INFO] - ChurnPipeline - Performed one-hot encoding on columns: ['education_level', 'gender', 'income_category', 'marital_status', 'card_category']
2025-08-24 07:27:32,044 - [INFO] - ChurnPipeline - Performed scaling on 15 numerical features.
2025-08-24 07:27:32,061 - [INFO] - ChurnPipeline - Feature dataset built and saved to C:\Users\great\OneDrive\Documents\Work\BITS\DMML\customer-churn-pipeline\data\03 Features\features.parquet
2025-08-24 07:27:32,061 - [INFO] - ChurnPipeline - Versioning data with DVC...
2025-08-24 07:27:32,063 - [ERROR] - ChurnPipeline - --- Pipeline Failed: [WinError 2] The system cannot find the file specified ---
Traceback (most recent call last):
  File "C:\Users\great\OneDrive\Documents\Work\BITS\DMML\customer-churn-pipeline\src\run_pipeline.py", line 23, in main
    subprocess.run(['dvc', 'add', './data/03 Features/features.parquet'], check=True)
    ~~~~~~~~~~~~~~^^^^^^^^^^^^^^^^^^^^^^^^^^^^^^^^^^^^^^^^^^^^^^^^^^^^^^^^^^^^^^^^^^^
  File "C:\Program Files\WindowsApps\PythonSoftwareFoundation.Python.3.13_3.13.2032.0_x64__qbz5n2kfra8p0\Lib\subprocess.py", line 554, in run
    with Popen(*popenargs, **kwargs) as process:
         ~~~~~^^^^^^^^^^^^^^^^^^^^^^
  File "C:\Program Files\WindowsApps\PythonSoftwareFoundation.Python.3.13_3.13.2032.0_x64__qbz5n2kfra8p0\Lib\subprocess.py", line 1039, in __init__
    self._execute_child(args, executable, preexec_fn, close_fds,
    ~~~~~~~~~~~~~~~~~~~^^^^^^^^^^^^^^^^^^^^^^^^^^^^^^^^^^^^^^^^^
                        pass_fds, cwd, env,
                        ^^^^^^^^^^^^^^^^^^^
    ...<5 lines>...
                        gid, gids, uid, umask,
                        ^^^^^^^^^^^^^^^^^^^^^^
                        start_new_session, process_group)
                        ^^^^^^^^^^^^^^^^^^^^^^^^^^^^^^^^^
  File "C:\Program Files\WindowsApps\PythonSoftwareFoundation.Python.3.13_3.13.2032.0_x64__qbz5n2kfra8p0\Lib\subprocess.py", line 1554, in _execute_child
    hp, ht, pid, tid = _winapi.CreateProcess(executable, args,
                       ~~~~~~~~~~~~~~~~~~~~~^^^^^^^^^^^^^^^^^^
                             # no special security
                             ^^^^^^^^^^^^^^^^^^^^^
    ...<4 lines>...
                             cwd,
                             ^^^^
                             startupinfo)
                             ^^^^^^^^^^^^
FileNotFoundError: [WinError 2] The system cannot find the file specified
2025-08-24 07:28:27,977 - [INFO] - ChurnPipeline - Starting data ingestion task.
2025-08-24 07:28:27,977 - [INFO] - ChurnPipeline - Reading customer data from C:\Users\great\OneDrive\Documents\Work\BITS\DMML\customer-churn-pipeline\user_data\credit_info.csv
2025-08-24 07:28:28,033 - [INFO] - ChurnPipeline - Successfully ingested 10127 customer records from CSV.
2025-08-24 07:28:28,033 - [INFO] - ChurnPipeline - Connecting to MongoDB at mongodb://localhost:27017/...
2025-08-24 07:28:28,107 - [INFO] - ChurnPipeline - Successfully ingested 10127 service records from MongoDB.
2025-08-24 07:28:28,107 - [INFO] - ChurnPipeline - Data ingestion task completed.
2025-08-24 07:28:28,110 - [INFO] - ChurnPipeline - Starting data validation task.
2025-08-24 07:28:28,160 - [INFO] - ChurnPipeline - Data validation task completed successfully.
2025-08-24 07:28:28,163 - [INFO] - ChurnPipeline - Starting data preparation task.
2025-08-24 07:28:28,209 - [INFO] - ChurnPipeline - Successfully merged datasets. Shape of merged data: (10127, 21)
2025-08-24 07:28:28,212 - [INFO] - ChurnPipeline - Standardized all column names to snake_case.
2025-08-24 07:28:28,215 - [INFO] - ChurnPipeline - Processed target variable 'attrition_flag'.
2025-08-24 07:28:28,270 - [INFO] - ChurnPipeline - Cleaned and standardized data saved to C:\Users\great\OneDrive\Documents\Work\BITS\DMML\customer-churn-pipeline\data\02 Clean\clean_data_2025-08-24.csv
2025-08-24 07:28:28,271 - [INFO] - ChurnPipeline - Data preparation task completed.
2025-08-24 07:28:28,874 - [INFO] - ChurnPipeline - Building features task started.
2025-08-24 07:28:28,907 - [INFO] - ChurnPipeline - Performed one-hot encoding on columns: ['education_level', 'gender', 'income_category', 'marital_status', 'card_category']
2025-08-24 07:28:28,912 - [INFO] - ChurnPipeline - Performed scaling on 15 numerical features.
2025-08-24 07:28:28,946 - [INFO] - ChurnPipeline - Feature dataset built and saved to C:\Users\great\OneDrive\Documents\Work\BITS\DMML\customer-churn-pipeline\data\03 Features\features.parquet
2025-08-24 07:28:29,694 - [INFO] - ChurnPipeline - Starting model training task.
2025-08-24 07:28:30,079 - [INFO] - ChurnPipeline - Data split into training (8101 rows) and testing (2026 rows).
2025-08-24 07:28:30,964 - [INFO] - ChurnPipeline - Model evaluation metrics: {'accuracy': 0.9407699901283317, 'precision': 0.9288702928870293, 'recall': 0.683076923076923, 'f1_score': 0.7872340425531915}
2025-08-24 07:28:34,842 - [INFO] - ChurnPipeline - Model training complete and logged to MLflow.
2025-08-24 07:28:34,845 - [INFO] - ChurnPipeline -  --- Starting End-to-End Churn Prediction Pipeline ---
2025-08-24 07:28:34,845 - [INFO] - ChurnPipeline - Starting data ingestion task.
2025-08-24 07:28:34,845 - [INFO] - ChurnPipeline - Reading customer data from C:\Users\great\OneDrive\Documents\Work\BITS\DMML\customer-churn-pipeline\user_data\credit_info.csv
2025-08-24 07:28:34,899 - [INFO] - ChurnPipeline - Successfully ingested 10127 customer records from CSV.
2025-08-24 07:28:34,899 - [INFO] - ChurnPipeline - Connecting to MongoDB at mongodb://localhost:27017/...
2025-08-24 07:28:34,949 - [INFO] - ChurnPipeline - Successfully ingested 10127 service records from MongoDB.
2025-08-24 07:28:34,949 - [INFO] - ChurnPipeline - Data ingestion task completed.
2025-08-24 07:28:34,951 - [INFO] - ChurnPipeline - Starting data validation task.
2025-08-24 07:28:35,007 - [INFO] - ChurnPipeline - Data validation task completed successfully.
2025-08-24 07:28:35,010 - [INFO] - ChurnPipeline - Starting data preparation task.
2025-08-24 07:28:35,051 - [INFO] - ChurnPipeline - Successfully merged datasets. Shape of merged data: (10127, 21)
2025-08-24 07:28:35,054 - [INFO] - ChurnPipeline - Standardized all column names to snake_case.
2025-08-24 07:28:35,057 - [INFO] - ChurnPipeline - Processed target variable 'attrition_flag'.
2025-08-24 07:28:35,115 - [INFO] - ChurnPipeline - Cleaned and standardized data saved to C:\Users\great\OneDrive\Documents\Work\BITS\DMML\customer-churn-pipeline\data\02 Clean\clean_data_2025-08-24.csv
2025-08-24 07:28:35,115 - [INFO] - ChurnPipeline - Data preparation task completed.
2025-08-24 07:28:35,119 - [INFO] - ChurnPipeline - Building features task started.
2025-08-24 07:28:35,149 - [INFO] - ChurnPipeline - Performed one-hot encoding on columns: ['education_level', 'gender', 'income_category', 'marital_status', 'card_category']
2025-08-24 07:28:35,154 - [INFO] - ChurnPipeline - Performed scaling on 15 numerical features.
2025-08-24 07:28:35,171 - [INFO] - ChurnPipeline - Feature dataset built and saved to C:\Users\great\OneDrive\Documents\Work\BITS\DMML\customer-churn-pipeline\data\03 Features\features.parquet
2025-08-24 07:28:35,171 - [INFO] - ChurnPipeline - Versioning data with DVC...
2025-08-24 07:28:35,173 - [ERROR] - ChurnPipeline - --- Pipeline Failed: [WinError 2] The system cannot find the file specified ---
Traceback (most recent call last):
  File "C:\Users\great\OneDrive\Documents\Work\BITS\DMML\customer-churn-pipeline\src\run_pipeline.py", line 23, in main
    subprocess.run(['dvc', 'add', './data/03 Features/features.parquet'], check=False)
    ~~~~~~~~~~~~~~^^^^^^^^^^^^^^^^^^^^^^^^^^^^^^^^^^^^^^^^^^^^^^^^^^^^^^^^^^^^^^^^^^^^
  File "C:\Program Files\WindowsApps\PythonSoftwareFoundation.Python.3.13_3.13.2032.0_x64__qbz5n2kfra8p0\Lib\subprocess.py", line 554, in run
    with Popen(*popenargs, **kwargs) as process:
         ~~~~~^^^^^^^^^^^^^^^^^^^^^^
  File "C:\Program Files\WindowsApps\PythonSoftwareFoundation.Python.3.13_3.13.2032.0_x64__qbz5n2kfra8p0\Lib\subprocess.py", line 1039, in __init__
    self._execute_child(args, executable, preexec_fn, close_fds,
    ~~~~~~~~~~~~~~~~~~~^^^^^^^^^^^^^^^^^^^^^^^^^^^^^^^^^^^^^^^^^
                        pass_fds, cwd, env,
                        ^^^^^^^^^^^^^^^^^^^
    ...<5 lines>...
                        gid, gids, uid, umask,
                        ^^^^^^^^^^^^^^^^^^^^^^
                        start_new_session, process_group)
                        ^^^^^^^^^^^^^^^^^^^^^^^^^^^^^^^^^
  File "C:\Program Files\WindowsApps\PythonSoftwareFoundation.Python.3.13_3.13.2032.0_x64__qbz5n2kfra8p0\Lib\subprocess.py", line 1554, in _execute_child
    hp, ht, pid, tid = _winapi.CreateProcess(executable, args,
                       ~~~~~~~~~~~~~~~~~~~~~^^^^^^^^^^^^^^^^^^
                             # no special security
                             ^^^^^^^^^^^^^^^^^^^^^
    ...<4 lines>...
                             cwd,
                             ^^^^
                             startupinfo)
                             ^^^^^^^^^^^^
FileNotFoundError: [WinError 2] The system cannot find the file specified
2025-08-24 07:29:42,383 - [INFO] - ChurnPipeline - Starting data ingestion task.
2025-08-24 07:29:42,383 - [INFO] - ChurnPipeline - Reading customer data from C:\Users\great\OneDrive\Documents\Work\BITS\DMML\customer-churn-pipeline\user_data\credit_info.csv
2025-08-24 07:29:42,446 - [INFO] - ChurnPipeline - Successfully ingested 10127 customer records from CSV.
2025-08-24 07:29:42,446 - [INFO] - ChurnPipeline - Connecting to MongoDB at mongodb://localhost:27017/...
2025-08-24 07:29:42,504 - [INFO] - ChurnPipeline - Successfully ingested 10127 service records from MongoDB.
2025-08-24 07:29:42,504 - [INFO] - ChurnPipeline - Data ingestion task completed.
2025-08-24 07:29:42,508 - [INFO] - ChurnPipeline - Starting data validation task.
2025-08-24 07:29:42,558 - [INFO] - ChurnPipeline - Data validation task completed successfully.
2025-08-24 07:29:42,560 - [INFO] - ChurnPipeline - Starting data preparation task.
2025-08-24 07:29:42,606 - [INFO] - ChurnPipeline - Successfully merged datasets. Shape of merged data: (10127, 21)
2025-08-24 07:29:42,608 - [INFO] - ChurnPipeline - Standardized all column names to snake_case.
2025-08-24 07:29:42,611 - [INFO] - ChurnPipeline - Processed target variable 'attrition_flag'.
2025-08-24 07:29:42,669 - [INFO] - ChurnPipeline - Cleaned and standardized data saved to C:\Users\great\OneDrive\Documents\Work\BITS\DMML\customer-churn-pipeline\data\02 Clean\clean_data_2025-08-24.csv
2025-08-24 07:29:42,669 - [INFO] - ChurnPipeline - Data preparation task completed.
2025-08-24 07:29:43,296 - [INFO] - ChurnPipeline - Building features task started.
2025-08-24 07:29:43,328 - [INFO] - ChurnPipeline - Performed one-hot encoding on columns: ['education_level', 'gender', 'income_category', 'marital_status', 'card_category']
2025-08-24 07:29:43,335 - [INFO] - ChurnPipeline - Performed scaling on 15 numerical features.
2025-08-24 07:29:43,373 - [INFO] - ChurnPipeline - Feature dataset built and saved to C:\Users\great\OneDrive\Documents\Work\BITS\DMML\customer-churn-pipeline\data\03 Features\features.parquet
2025-08-24 07:29:44,151 - [INFO] - ChurnPipeline - Starting model training task.
2025-08-24 07:29:44,564 - [INFO] - ChurnPipeline - Data split into training (8101 rows) and testing (2026 rows).
2025-08-24 07:29:45,481 - [INFO] - ChurnPipeline - Model evaluation metrics: {'accuracy': 0.9407699901283317, 'precision': 0.9288702928870293, 'recall': 0.683076923076923, 'f1_score': 0.7872340425531915}
2025-08-24 07:29:49,587 - [INFO] - ChurnPipeline - Model training complete and logged to MLflow.
2025-08-24 07:29:49,591 - [INFO] - ChurnPipeline -  --- Starting End-to-End Churn Prediction Pipeline ---
2025-08-24 07:29:49,591 - [INFO] - ChurnPipeline - Starting data ingestion task.
2025-08-24 07:29:49,591 - [INFO] - ChurnPipeline - Reading customer data from C:\Users\great\OneDrive\Documents\Work\BITS\DMML\customer-churn-pipeline\user_data\credit_info.csv
2025-08-24 07:29:49,651 - [INFO] - ChurnPipeline - Successfully ingested 10127 customer records from CSV.
2025-08-24 07:29:49,651 - [INFO] - ChurnPipeline - Connecting to MongoDB at mongodb://localhost:27017/...
2025-08-24 07:29:49,714 - [INFO] - ChurnPipeline - Successfully ingested 10127 service records from MongoDB.
2025-08-24 07:29:49,715 - [INFO] - ChurnPipeline - Data ingestion task completed.
2025-08-24 07:29:49,717 - [INFO] - ChurnPipeline - Starting data validation task.
2025-08-24 07:29:49,794 - [INFO] - ChurnPipeline - Data validation task completed successfully.
2025-08-24 07:29:49,797 - [INFO] - ChurnPipeline - Starting data preparation task.
2025-08-24 07:29:49,848 - [INFO] - ChurnPipeline - Successfully merged datasets. Shape of merged data: (10127, 21)
2025-08-24 07:29:49,851 - [INFO] - ChurnPipeline - Standardized all column names to snake_case.
2025-08-24 07:29:49,855 - [INFO] - ChurnPipeline - Processed target variable 'attrition_flag'.
2025-08-24 07:29:49,922 - [INFO] - ChurnPipeline - Cleaned and standardized data saved to C:\Users\great\OneDrive\Documents\Work\BITS\DMML\customer-churn-pipeline\data\02 Clean\clean_data_2025-08-24.csv
2025-08-24 07:29:49,922 - [INFO] - ChurnPipeline - Data preparation task completed.
2025-08-24 07:29:49,924 - [INFO] - ChurnPipeline - Building features task started.
2025-08-24 07:29:49,957 - [INFO] - ChurnPipeline - Performed one-hot encoding on columns: ['education_level', 'gender', 'income_category', 'marital_status', 'card_category']
2025-08-24 07:29:49,964 - [INFO] - ChurnPipeline - Performed scaling on 15 numerical features.
2025-08-24 07:29:49,983 - [INFO] - ChurnPipeline - Feature dataset built and saved to C:\Users\great\OneDrive\Documents\Work\BITS\DMML\customer-churn-pipeline\data\03 Features\features.parquet
2025-08-24 07:29:49,983 - [INFO] - ChurnPipeline - Versioning data with DVC...
2025-08-24 07:29:53,975 - [ERROR] - ChurnPipeline - --- Pipeline Failed: Command '['C:\\Users\\great\\AppData\\Local\\Microsoft\\WindowsApps\\PythonSoftwareFoundation.Python.3.13_qbz5n2kfra8p0\\python.exe', '-m', 'dvc', 'add', 'data/03_features/features.parquet']' returned non-zero exit status 253. ---
Traceback (most recent call last):
  File "C:\Users\great\OneDrive\Documents\Work\BITS\DMML\customer-churn-pipeline\src\run_pipeline.py", line 25, in main
    subprocess.run(
    ~~~~~~~~~~~~~~^
        [sys.executable, "-m", "dvc", "add", "data/03_features/features.parquet"],
        ^^^^^^^^^^^^^^^^^^^^^^^^^^^^^^^^^^^^^^^^^^^^^^^^^^^^^^^^^^^^^^^^^^^^^^^^^^
        check=True
        ^^^^^^^^^^
    )
    ^
  File "C:\Program Files\WindowsApps\PythonSoftwareFoundation.Python.3.13_3.13.2032.0_x64__qbz5n2kfra8p0\Lib\subprocess.py", line 577, in run
    raise CalledProcessError(retcode, process.args,
                             output=stdout, stderr=stderr)
subprocess.CalledProcessError: Command '['C:\\Users\\great\\AppData\\Local\\Microsoft\\WindowsApps\\PythonSoftwareFoundation.Python.3.13_qbz5n2kfra8p0\\python.exe', '-m', 'dvc', 'add', 'data/03_features/features.parquet']' returned non-zero exit status 253.
2025-08-24 07:30:50,431 - [INFO] - ChurnPipeline - Starting data ingestion task.
2025-08-24 07:30:50,431 - [INFO] - ChurnPipeline - Reading customer data from C:\Users\great\OneDrive\Documents\Work\BITS\DMML\customer-churn-pipeline\user_data\credit_info.csv
2025-08-24 07:30:50,485 - [INFO] - ChurnPipeline - Successfully ingested 10127 customer records from CSV.
2025-08-24 07:30:50,486 - [INFO] - ChurnPipeline - Connecting to MongoDB at mongodb://localhost:27017/...
2025-08-24 07:30:50,543 - [INFO] - ChurnPipeline - Successfully ingested 10127 service records from MongoDB.
2025-08-24 07:30:50,543 - [INFO] - ChurnPipeline - Data ingestion task completed.
2025-08-24 07:30:50,546 - [INFO] - ChurnPipeline - Starting data validation task.
2025-08-24 07:30:50,596 - [INFO] - ChurnPipeline - Data validation task completed successfully.
2025-08-24 07:30:50,598 - [INFO] - ChurnPipeline - Starting data preparation task.
2025-08-24 07:30:50,645 - [INFO] - ChurnPipeline - Successfully merged datasets. Shape of merged data: (10127, 21)
2025-08-24 07:30:50,647 - [INFO] - ChurnPipeline - Standardized all column names to snake_case.
2025-08-24 07:30:50,651 - [INFO] - ChurnPipeline - Processed target variable 'attrition_flag'.
2025-08-24 07:30:50,707 - [INFO] - ChurnPipeline - Cleaned and standardized data saved to C:\Users\great\OneDrive\Documents\Work\BITS\DMML\customer-churn-pipeline\data\02 Clean\clean_data_2025-08-24.csv
2025-08-24 07:30:50,707 - [INFO] - ChurnPipeline - Data preparation task completed.
2025-08-24 07:30:51,328 - [INFO] - ChurnPipeline - Building features task started.
2025-08-24 07:30:51,360 - [INFO] - ChurnPipeline - Performed one-hot encoding on columns: ['education_level', 'gender', 'income_category', 'marital_status', 'card_category']
2025-08-24 07:30:51,366 - [INFO] - ChurnPipeline - Performed scaling on 15 numerical features.
2025-08-24 07:30:51,400 - [INFO] - ChurnPipeline - Feature dataset built and saved to C:\Users\great\OneDrive\Documents\Work\BITS\DMML\customer-churn-pipeline\data\03 Features\features.parquet
2025-08-24 07:30:52,146 - [INFO] - ChurnPipeline - Starting model training task.
2025-08-24 07:30:52,537 - [INFO] - ChurnPipeline - Data split into training (8101 rows) and testing (2026 rows).
2025-08-24 07:30:53,396 - [INFO] - ChurnPipeline - Model evaluation metrics: {'accuracy': 0.9407699901283317, 'precision': 0.9288702928870293, 'recall': 0.683076923076923, 'f1_score': 0.7872340425531915}
2025-08-24 07:30:57,279 - [INFO] - ChurnPipeline - Model training complete and logged to MLflow.
2025-08-24 07:30:57,283 - [INFO] - ChurnPipeline -  --- Starting End-to-End Churn Prediction Pipeline ---
2025-08-24 07:30:57,283 - [INFO] - ChurnPipeline - Starting data ingestion task.
2025-08-24 07:30:57,283 - [INFO] - ChurnPipeline - Reading customer data from C:\Users\great\OneDrive\Documents\Work\BITS\DMML\customer-churn-pipeline\user_data\credit_info.csv
2025-08-24 07:30:57,338 - [INFO] - ChurnPipeline - Successfully ingested 10127 customer records from CSV.
2025-08-24 07:30:57,339 - [INFO] - ChurnPipeline - Connecting to MongoDB at mongodb://localhost:27017/...
2025-08-24 07:30:57,406 - [INFO] - ChurnPipeline - Successfully ingested 10127 service records from MongoDB.
2025-08-24 07:30:57,406 - [INFO] - ChurnPipeline - Data ingestion task completed.
2025-08-24 07:30:57,408 - [INFO] - ChurnPipeline - Starting data validation task.
2025-08-24 07:30:57,468 - [INFO] - ChurnPipeline - Data validation task completed successfully.
2025-08-24 07:30:57,470 - [INFO] - ChurnPipeline - Starting data preparation task.
2025-08-24 07:30:57,515 - [INFO] - ChurnPipeline - Successfully merged datasets. Shape of merged data: (10127, 21)
2025-08-24 07:30:57,520 - [INFO] - ChurnPipeline - Standardized all column names to snake_case.
2025-08-24 07:30:57,524 - [INFO] - ChurnPipeline - Processed target variable 'attrition_flag'.
2025-08-24 07:30:57,589 - [INFO] - ChurnPipeline - Cleaned and standardized data saved to C:\Users\great\OneDrive\Documents\Work\BITS\DMML\customer-churn-pipeline\data\02 Clean\clean_data_2025-08-24.csv
2025-08-24 07:30:57,589 - [INFO] - ChurnPipeline - Data preparation task completed.
2025-08-24 07:30:57,593 - [INFO] - ChurnPipeline - Building features task started.
2025-08-24 07:30:57,627 - [INFO] - ChurnPipeline - Performed one-hot encoding on columns: ['education_level', 'gender', 'income_category', 'marital_status', 'card_category']
2025-08-24 07:30:57,633 - [INFO] - ChurnPipeline - Performed scaling on 15 numerical features.
2025-08-24 07:30:57,651 - [INFO] - ChurnPipeline - Feature dataset built and saved to C:\Users\great\OneDrive\Documents\Work\BITS\DMML\customer-churn-pipeline\data\03 Features\features.parquet
2025-08-24 07:30:57,651 - [INFO] - ChurnPipeline - Versioning data with DVC...
2025-08-24 07:30:58,404 - [ERROR] - ChurnPipeline - --- Pipeline Failed: Command '['C:\\Users\\great\\AppData\\Local\\Microsoft\\WindowsApps\\PythonSoftwareFoundation.Python.3.13_qbz5n2kfra8p0\\python.exe', '-m', 'dvc', 'add', 'data/03 Features/features.parquet']' returned non-zero exit status 253. ---
Traceback (most recent call last):
  File "C:\Users\great\OneDrive\Documents\Work\BITS\DMML\customer-churn-pipeline\src\run_pipeline.py", line 25, in main
    subprocess.run(
    ~~~~~~~~~~~~~~^
    	[sys.executable, "-m", "dvc", "add", "data/03 Features/features.parquet"],
     ^^^^^^^^^^^^^^^^^^^^^^^^^^^^^^^^^^^^^^^^^^^^^^^^^^^^^^^^^^^^^^^^^^^^^^^^^^
    	check=True
     ^^^^^^^^^^
    )
    ^
  File "C:\Program Files\WindowsApps\PythonSoftwareFoundation.Python.3.13_3.13.2032.0_x64__qbz5n2kfra8p0\Lib\subprocess.py", line 577, in run
    raise CalledProcessError(retcode, process.args,
                             output=stdout, stderr=stderr)
subprocess.CalledProcessError: Command '['C:\\Users\\great\\AppData\\Local\\Microsoft\\WindowsApps\\PythonSoftwareFoundation.Python.3.13_qbz5n2kfra8p0\\python.exe', '-m', 'dvc', 'add', 'data/03 Features/features.parquet']' returned non-zero exit status 253.
2025-08-24 07:33:38,035 - [INFO] - ChurnPipeline - Starting data ingestion task.
2025-08-24 07:33:38,035 - [INFO] - ChurnPipeline - Reading customer data from C:\Users\great\OneDrive\Documents\Work\BITS\DMML\customer-churn-pipeline\user_data\credit_info.csv
2025-08-24 07:33:38,112 - [INFO] - ChurnPipeline - Successfully ingested 10127 customer records from CSV.
2025-08-24 07:33:38,112 - [INFO] - ChurnPipeline - Connecting to MongoDB at mongodb://localhost:27017/...
2025-08-24 07:33:38,214 - [INFO] - ChurnPipeline - Successfully ingested 10127 service records from MongoDB.
2025-08-24 07:33:38,215 - [INFO] - ChurnPipeline - Data ingestion task completed.
2025-08-24 07:33:38,226 - [INFO] - ChurnPipeline - Starting data validation task.
2025-08-24 07:33:38,278 - [INFO] - ChurnPipeline - Data validation task completed successfully.
2025-08-24 07:33:38,289 - [INFO] - ChurnPipeline - Starting data preparation task.
2025-08-24 07:33:38,337 - [INFO] - ChurnPipeline - Successfully merged datasets. Shape of merged data: (10127, 21)
2025-08-24 07:33:38,340 - [INFO] - ChurnPipeline - Standardized all column names to snake_case.
2025-08-24 07:33:38,344 - [INFO] - ChurnPipeline - Processed target variable 'attrition_flag'.
2025-08-24 07:33:38,405 - [INFO] - ChurnPipeline - Cleaned and standardized data saved to C:\Users\great\OneDrive\Documents\Work\BITS\DMML\customer-churn-pipeline\data\02 Clean\clean_data_2025-08-24.csv
2025-08-24 07:33:38,406 - [INFO] - ChurnPipeline - Data preparation task completed.
2025-08-24 07:33:47,460 - [INFO] - ChurnPipeline - Building features task started.
2025-08-24 07:33:47,492 - [INFO] - ChurnPipeline - Performed one-hot encoding on columns: ['education_level', 'gender', 'income_category', 'marital_status', 'card_category']
2025-08-24 07:33:47,497 - [INFO] - ChurnPipeline - Performed scaling on 15 numerical features.
2025-08-24 07:33:47,744 - [INFO] - ChurnPipeline - Feature dataset built and saved to C:\Users\great\OneDrive\Documents\Work\BITS\DMML\customer-churn-pipeline\data\03 Features\features.parquet
2025-08-24 07:33:54,531 - [INFO] - ChurnPipeline - Starting model training task.
2025-08-24 07:33:58,203 - [INFO] - ChurnPipeline - Data split into training (8101 rows) and testing (2026 rows).
2025-08-24 07:33:59,049 - [INFO] - ChurnPipeline - Model evaluation metrics: {'accuracy': 0.9407699901283317, 'precision': 0.9288702928870293, 'recall': 0.683076923076923, 'f1_score': 0.7872340425531915}
2025-08-24 07:34:07,237 - [INFO] - ChurnPipeline - Model training complete and logged to MLflow.
2025-08-24 07:34:07,240 - [INFO] - ChurnPipeline -  --- Starting End-to-End Churn Prediction Pipeline ---
2025-08-24 07:34:07,240 - [INFO] - ChurnPipeline - Starting data ingestion task.
2025-08-24 07:34:07,240 - [INFO] - ChurnPipeline - Reading customer data from C:\Users\great\OneDrive\Documents\Work\BITS\DMML\customer-churn-pipeline\user_data\credit_info.csv
2025-08-24 07:34:07,295 - [INFO] - ChurnPipeline - Successfully ingested 10127 customer records from CSV.
2025-08-24 07:34:07,295 - [INFO] - ChurnPipeline - Connecting to MongoDB at mongodb://localhost:27017/...
2025-08-24 07:34:07,349 - [INFO] - ChurnPipeline - Successfully ingested 10127 service records from MongoDB.
2025-08-24 07:34:07,349 - [INFO] - ChurnPipeline - Data ingestion task completed.
2025-08-24 07:34:07,352 - [INFO] - ChurnPipeline - Starting data validation task.
2025-08-24 07:34:07,415 - [INFO] - ChurnPipeline - Data validation task completed successfully.
2025-08-24 07:34:07,417 - [INFO] - ChurnPipeline - Starting data preparation task.
2025-08-24 07:34:07,467 - [INFO] - ChurnPipeline - Successfully merged datasets. Shape of merged data: (10127, 21)
2025-08-24 07:34:07,470 - [INFO] - ChurnPipeline - Standardized all column names to snake_case.
2025-08-24 07:34:07,474 - [INFO] - ChurnPipeline - Processed target variable 'attrition_flag'.
2025-08-24 07:34:07,538 - [INFO] - ChurnPipeline - Cleaned and standardized data saved to C:\Users\great\OneDrive\Documents\Work\BITS\DMML\customer-churn-pipeline\data\02 Clean\clean_data_2025-08-24.csv
2025-08-24 07:34:07,538 - [INFO] - ChurnPipeline - Data preparation task completed.
2025-08-24 07:34:07,541 - [INFO] - ChurnPipeline - Building features task started.
2025-08-24 07:34:07,574 - [INFO] - ChurnPipeline - Performed one-hot encoding on columns: ['education_level', 'gender', 'income_category', 'marital_status', 'card_category']
2025-08-24 07:34:07,580 - [INFO] - ChurnPipeline - Performed scaling on 15 numerical features.
2025-08-24 07:34:07,597 - [INFO] - ChurnPipeline - Feature dataset built and saved to C:\Users\great\OneDrive\Documents\Work\BITS\DMML\customer-churn-pipeline\data\03 Features\features.parquet
2025-08-24 07:34:07,597 - [INFO] - ChurnPipeline - Versioning data with DVC...
2025-08-24 07:34:11,242 - [ERROR] - ChurnPipeline - --- Pipeline Failed: Command '['C:\\Users\\great\\AppData\\Local\\Microsoft\\WindowsApps\\PythonSoftwareFoundation.Python.3.13_qbz5n2kfra8p0\\python.exe', '-m', 'dvc', 'add', 'data/03 Features/features.parquet']' returned non-zero exit status 253. ---
Traceback (most recent call last):
  File "C:\Users\great\OneDrive\Documents\Work\BITS\DMML\customer-churn-pipeline\src\run_pipeline.py", line 25, in main
    subprocess.run(
    ~~~~~~~~~~~~~~^
    	[sys.executable, "-m", "dvc", "add", "data/03 Features/features.parquet"],
     ^^^^^^^^^^^^^^^^^^^^^^^^^^^^^^^^^^^^^^^^^^^^^^^^^^^^^^^^^^^^^^^^^^^^^^^^^^
    	check=True
     ^^^^^^^^^^
    )
    ^
  File "C:\Program Files\WindowsApps\PythonSoftwareFoundation.Python.3.13_3.13.2032.0_x64__qbz5n2kfra8p0\Lib\subprocess.py", line 577, in run
    raise CalledProcessError(retcode, process.args,
                             output=stdout, stderr=stderr)
subprocess.CalledProcessError: Command '['C:\\Users\\great\\AppData\\Local\\Microsoft\\WindowsApps\\PythonSoftwareFoundation.Python.3.13_qbz5n2kfra8p0\\python.exe', '-m', 'dvc', 'add', 'data/03 Features/features.parquet']' returned non-zero exit status 253.
